<?xml version="1.0" encoding="UTF-8"?>
<!-- Generated by org.testng.reporters.JUnitReportReporter -->
<testsuite hostname="DESKTOP-RAKD7RH" failures="0" tests="1" name="org.com.testing.CrtThread" time="4.542" errors="0" timestamp="2022-11-11T23:00:01 IST" skipped="0">
  <testcase classname="org.com.testing.CrtThread" name="test" time="4.542"/>
  <system-out/>
</testsuite> <!-- org.com.testing.CrtThread -->
