<?xml version="1.0" encoding="UTF-8"?>
<!-- Generated by org.testng.reporters.JUnitReportReporter -->
<testsuite hostname="DESKTOP-RAKD7RH" failures="0" tests="1" name="org.com.testing.AnnotationTest" time="0.011" errors="0" timestamp="2022-11-11T22:09:46 IST" skipped="0">
  <testcase classname="org.com.testing.AnnotationTest" name="test1" time="0.011"/>
  <system-out/>
</testsuite> <!-- org.com.testing.AnnotationTest -->
