<?xml version="1.0" encoding="UTF-8"?>
<!-- Generated by org.testng.reporters.JUnitReportReporter -->
<testsuite hostname="DESKTOP-RAKD7RH" failures="0" tests="4" name="org.com.testing.GroupingMethod" time="0.006" errors="0" timestamp="2022-11-11T23:04:48 IST" skipped="0">
  <testcase classname="org.com.testing.GroupingMethod" name="test1" time="0.002"/>
  <system-out/>
  <testcase classname="org.com.testing.GroupingMethod" name="test2" time="0.002"/>
  <system-out/>
  <testcase classname="org.com.testing.GroupingMethod" name="test4" time="0.001"/>
  <system-out/>
  <testcase classname="org.com.testing.GroupingMethod" name="test3" time="0.001"/>
  <system-out/>
</testsuite> <!-- org.com.testing.GroupingMethod -->
