<?xml version="1.0" encoding="UTF-8"?>
<!-- Generated by org.testng.reporters.JUnitReportReporter -->
<testsuite hostname="DESKTOP-RAKD7RH" failures="0" tests="4" name="org.com.testing.PriorityTest" time="0.025" errors="0" timestamp="2022-11-11T22:08:16 IST" skipped="0">
  <testcase classname="org.com.testing.PriorityTest" name="test1" time="0.019"/>
  <system-out/>
  <testcase classname="org.com.testing.PriorityTest" name="test2" time="0.003"/>
  <system-out/>
  <testcase classname="org.com.testing.PriorityTest" name="test4" time="0.002"/>
  <system-out/>
  <testcase classname="org.com.testing.PriorityTest" name="test3" time="0.001"/>
  <system-out/>
</testsuite> <!-- org.com.testing.PriorityTest -->
