<?xml version="1.0" encoding="UTF-8"?>
<!-- Generated by org.testng.reporters.JUnitReportReporter -->
<testsuite hostname="DESKTOP-RAKD7RH" failures="0" tests="4" name="org.com.testing.Exclude_Include" time="0.019" errors="0" timestamp="2022-11-28T10:08:11 IST" skipped="0">
  <testcase classname="org.com.testing.Exclude_Include" name="test3" time="0.016"/>
  <system-out/>
  <testcase classname="org.com.testing.Exclude_Include" name="test4" time="0.001"/>
  <system-out/>
  <testcase classname="org.com.testing.Exclude_Include" name="test1" time="0.001"/>
  <system-out/>
  <testcase classname="org.com.testing.Exclude_Include" name="test2" time="0.001"/>
  <system-out/>
</testsuite> <!-- org.com.testing.Exclude_Include -->
