<?xml version="1.0" encoding="UTF-8"?>
<!-- Generated by org.testng.reporters.JUnitReportReporter -->
<testsuite hostname="DESKTOP-RAKD7RH" failures="0" tests="1" name="org.com.testing.ParallelTest" time="4.804" errors="0" timestamp="2022-11-11T22:57:48 IST" skipped="0">
  <testcase classname="org.com.testing.ParallelTest" name="test" time="4.804"/>
  <system-out/>
</testsuite> <!-- org.com.testing.ParallelTest -->
