<?xml version="1.0" encoding="UTF-8"?>
<!-- Generated by org.testng.reporters.JUnitReportReporter -->
<testsuite hostname="DESKTOP-RAKD7RH" failures="0" tests="1" name="org.com.testing.AssertTest" time="0.018" errors="0" timestamp="2022-11-28T10:19:32 IST" skipped="0">
  <testcase classname="org.com.testing.AssertTest" name="testa" time="0.018"/>
  <system-out/>
</testsuite> <!-- org.com.testing.AssertTest -->
