<?xml version="1.0" encoding="UTF-8"?>
<!-- Generated by org.testng.reporters.JUnitReportReporter -->
<testsuite hostname="DESKTOP-RAKD7RH" failures="0" tests="1" name="org.exe.ExecutionClass" time="8.770" errors="0" timestamp="2022-11-11T22:04:25 IST" skipped="0">
  <testcase classname="org.exe.ExecutionClass" name="Output" time="8.770"/>
  <system-out/>
</testsuite> <!-- org.exe.ExecutionClass -->
