<?xml version="1.0" encoding="UTF-8"?>
<!-- Generated by org.testng.reporters.JUnitReportReporter -->
<testsuite hostname="DESKTOP-RAKD7RH" failures="0" tests="4" name="org.com.testing.GroupingMethod2" time="0.019" errors="0" timestamp="2022-11-11T23:04:48 IST" skipped="0">
  <testcase classname="org.com.testing.GroupingMethod2" name="test8" time="0.001"/>
  <system-out/>
  <testcase classname="org.com.testing.GroupingMethod2" name="test5" time="0.016"/>
  <system-out/>
  <testcase classname="org.com.testing.GroupingMethod2" name="test7" time="0.001"/>
  <system-out/>
  <testcase classname="org.com.testing.GroupingMethod2" name="test6" time="0.001"/>
  <system-out/>
</testsuite> <!-- org.com.testing.GroupingMethod2 -->
