<?xml version="1.0" encoding="UTF-8"?>
<!-- Generated by org.testng.reporters.JUnitReportReporter -->
<testsuite hostname="DESKTOP-RAKD7RH" failures="0" tests="6" name="org.com.testing.ParallelMethod" time="0.021" errors="0" timestamp="2022-11-11T22:50:38 IST" skipped="0">
  <testcase classname="org.com.testing.ParallelMethod" name="test5" time="0.001"/>
  <system-out/>
  <testcase classname="org.com.testing.ParallelMethod" name="test6" time="0.002"/>
  <system-out/>
  <testcase classname="org.com.testing.ParallelMethod" name="test4" time="0.002"/>
  <system-out/>
  <testcase classname="org.com.testing.ParallelMethod" name="test1" time="0.012"/>
  <system-out/>
  <testcase classname="org.com.testing.ParallelMethod" name="test2" time="0.003"/>
  <system-out/>
  <testcase classname="org.com.testing.ParallelMethod" name="test3" time="0.001"/>
  <system-out/>
</testsuite> <!-- org.com.testing.ParallelMethod -->
