<?xml version="1.0" encoding="UTF-8"?>
<!-- Generated by org.testng.reporters.JUnitReportReporter -->
<testsuite hostname="DESKTOP-RAKD7RH" failures="0" tests="4" name="org.com.testing.DataProvider1" time="0.016" errors="0" timestamp="2022-11-11T23:33:30 IST" skipped="0">
  <testcase classname="org.com.testing.DataProvider1" name="data" time="0.002"/>
  <system-out/>
  <testcase classname="org.com.testing.DataProvider1" name="data" time="0.012"/>
  <system-out/>
  <testcase classname="org.com.testing.DataProvider1" name="data" time="0.001"/>
  <system-out/>
  <testcase classname="org.com.testing.DataProvider1" name="data" time="0.001"/>
  <system-out/>
</testsuite> <!-- org.com.testing.DataProvider1 -->
